<?xml version="1.0" encoding="UTF-8"?>
<!-- Generated by org.testng.reporters.JUnitReportReporter -->
<testsuite hostname="MUTS-60406-WL" failures="0" tests="1" name="runner.TestRunner" time="15.847" errors="0" timestamp="2024-06-19T14:23:40 IST" skipped="0">
  <testcase classname="runner.TestRunner" name="runScenario" time="15.847"/>
</testsuite> <!-- runner.TestRunner -->
