<?xml version="1.0" encoding="UTF-8"?>
<!-- Generated by org.testng.reporters.JUnitReportReporter -->
<testsuite hostname="MUTS-60406-WL" failures="0" tests="1" name="runner.TestRunner" time="0.417" errors="0" timestamp="2024-06-13T17:57:00 IST" skipped="0">
  <testcase classname="runner.TestRunner" name="runScenario" time="0.417"/>
</testsuite> <!-- runner.TestRunner -->
